[0303/233026.096:ERROR:process_reader_win.cc(142)] SuspendThread: Acceso denegado. (0x5)
[0303/233026.096:ERROR:process_reader_win.cc(142)] SuspendThread: Acceso denegado. (0x5)
[0303/233026.096:ERROR:process_reader_win.cc(142)] SuspendThread: Acceso denegado. (0x5)
[0303/233026.096:ERROR:process_reader_win.cc(142)] SuspendThread: Acceso denegado. (0x5)
[0303/233026.096:ERROR:process_reader_win.cc(142)] SuspendThread: Acceso denegado. (0x5)
[0303/233026.096:ERROR:process_reader_win.cc(142)] SuspendThread: Acceso denegado. (0x5)
[0303/233026.096:ERROR:process_reader_win.cc(142)] SuspendThread: Acceso denegado. (0x5)
[0303/233026.096:ERROR:process_reader_win.cc(142)] SuspendThread: Acceso denegado. (0x5)
[0303/233026.096:ERROR:process_reader_win.cc(142)] SuspendThread: Acceso denegado. (0x5)
[0303/233026.096:ERROR:process_reader_win.cc(142)] SuspendThread: Acceso denegado. (0x5)
[0303/233026.096:ERROR:process_reader_win.cc(142)] SuspendThread: Acceso denegado. (0x5)
[0303/233026.096:ERROR:process_reader_win.cc(142)] SuspendThread: Acceso denegado. (0x5)
[0303/233026.096:ERROR:process_reader_win.cc(142)] SuspendThread: Acceso denegado. (0x5)
[0303/233026.096:ERROR:process_reader_win.cc(142)] SuspendThread: Acceso denegado. (0x5)
[0303/233026.096:ERROR:process_reader_win.cc(142)] SuspendThread: Acceso denegado. (0x5)
[0303/233026.096:ERROR:process_reader_win.cc(142)] SuspendThread: Acceso denegado. (0x5)
[0303/233026.096:ERROR:process_reader_win.cc(142)] SuspendThread: Acceso denegado. (0x5)
[0303/233026.096:ERROR:process_reader_win.cc(114)] NtOpenThread: Se ha especificado un identificador de cliente no válido.  (0xc000000b)
[0303/233026.112:ERROR:process_reader_win.cc(142)] SuspendThread: Acceso denegado. (0x5)
[0303/233026.112:ERROR:process_reader_win.cc(114)] NtOpenThread: {Acceso denegado} Un proceso ha solicitado acceso a un objeto, pero no se le han concedido esos derechos de acceso.  (0xc0000022)
[0303/233026.112:ERROR:exception_snapshot_win.cc(87)] thread ID 8168 not found in process
[0303/233026.112:WARNING:crash_report_exception_handler.cc(60)] ProcessSnapshotWin::Initialize failed
